<?xml version="1.0" encoding="UTF-8"?>
<!-- Generated by org.testng.reporters.JUnitXMLReporter -->
<testsuite ignored="2" hostname="Ideas2IT" failures="0" tests="2" name="chrome" time="20.074" errors="0" timestamp="2023-10-06T20:11:55 IST">
  <testcase classname="com.pos.testcases.EditVendor" name="runLogin" time="15.299"/>
  <testcase classname="com.pos.testcases.CreateNewVendor" name="runLogin" time="16.505"/>
  <testcase classname="com.framework.utils.Reporter" name="@BeforeSuite startReport" time="0.0">
    <ignored/>
  </testcase> <!-- @BeforeSuite startReport -->
  <testcase classname="com.framework.utils.Reporter" name="@AfterSuite endResult" time="0.0">
    <ignored/>
  </testcase> <!-- @AfterSuite endResult -->
</testsuite> <!-- chrome -->
