<?xml version="1.0" encoding="UTF-8"?>
<!-- Generated by org.testng.reporters.JUnitXMLReporter -->
<testsuite ignored="2" hostname="Ideas2IT" failures="0" tests="2" name="chrome" time="23.422" errors="0" timestamp="2023-10-06T19:04:48 IST">
  <testcase classname="com.pos.testcases.EditVendor" name="runLogin" time="17.508"/>
  <testcase classname="com.pos.testcases.CreateNewVendor" name="runLogin" time="19.403"/>
  <testcase classname="com.framework.utils.Reporter" name="@BeforeSuite startReport" time="0.0">
    <ignored/>
  </testcase> <!-- @BeforeSuite startReport -->
  <testcase classname="com.framework.utils.Reporter" name="@AfterSuite endResult" time="0.0">
    <ignored/>
  </testcase> <!-- @AfterSuite endResult -->
</testsuite> <!-- chrome -->
