<?xml version="1.0" encoding="UTF-8"?>
<testng-results ignored="2" total="4" passed="2" failed="0" skipped="0">
  <reporter-output>
  </reporter-output>
  <suite started-at="2023-10-06T19:04:25 IST" name="Suite" finished-at="2023-10-06T19:04:48 IST" duration-ms="23422">
    <groups>
    </groups>
    <test started-at="2023-10-06T19:04:25 IST" name="chrome" finished-at="2023-10-06T19:04:48 IST" duration-ms="23422">
      <class name="com.pos.testcases.EditVendor">
        <test-method is-config="true" signature="setValues()[pri:0, instance:com.pos.testcases.EditVendor@7ce026d3]" started-at="2023-10-06T19:04:25 IST" name="setValues" finished-at="2023-10-06T19:04:25 IST" duration-ms="0" status="PASS">
          <reporter-output>
          </reporter-output>
        </test-method> <!-- setValues -->
        <test-method is-config="true" signature="startTestCase()[pri:0, instance:com.pos.testcases.EditVendor@7ce026d3]" started-at="2023-10-06T19:04:25 IST" name="startTestCase" finished-at="2023-10-06T19:04:25 IST" duration-ms="6" status="PASS">
          <reporter-output>
          </reporter-output>
        </test-method> <!-- startTestCase -->
        <test-method is-config="true" signature="preCondition(java.lang.String)[pri:0, instance:com.pos.testcases.EditVendor@7ce026d3]" started-at="2023-10-06T19:04:25 IST" name="preCondition" finished-at="2023-10-06T19:04:28 IST" duration-ms="2983" status="PASS">
          <params>
            <param index="0">
              <value>
                <![CDATA[chrome]]>
              </value>
            </param>
          </params>
          <reporter-output>
          </reporter-output>
        </test-method> <!-- preCondition -->
        <test-method signature="runLogin(java.lang.String,java.lang.String,java.lang.String,java.lang.String)[pri:0, instance:com.pos.testcases.EditVendor@7ce026d3]" started-at="2023-10-06T19:04:28 IST" name="runLogin" data-provider="fetchData" finished-at="2023-10-06T19:04:46 IST" duration-ms="17508" status="PASS">
          <params>
            <param index="0">
              <value>
                <![CDATA[8220316109]]>
              </value>
            </param>
            <param index="1">
              <value>
                <![CDATA[Kumar]]>
              </value>
            </param>
            <param index="2">
              <value>
                <![CDATA[The vendor you entered was saved successfully.]]>
              </value>
            </param>
            <param index="3">
              <value>
                <![CDATA[Kumar]]>
              </value>
            </param>
          </params>
          <reporter-output>
          </reporter-output>
        </test-method> <!-- runLogin -->
        <test-method is-config="true" signature="postCondition()[pri:0, instance:com.pos.testcases.EditVendor@7ce026d3]" started-at="2023-10-06T19:04:46 IST" name="postCondition" finished-at="2023-10-06T19:04:46 IST" duration-ms="124" status="PASS">
          <reporter-output>
          </reporter-output>
        </test-method> <!-- postCondition -->
      </class> <!-- com.pos.testcases.EditVendor -->
      <class name="com.pos.testcases.CreateNewVendor">
        <test-method is-config="true" signature="startReport()[pri:0, instance:com.pos.testcases.CreateNewVendor@353352b6]" started-at="2023-10-06T19:04:25 IST" name="startReport" finished-at="2023-10-06T19:04:25 IST" duration-ms="171" status="PASS">
          <reporter-output>
          </reporter-output>
        </test-method> <!-- startReport -->
        <test-method is-config="true" signature="setValues()[pri:0, instance:com.pos.testcases.CreateNewVendor@353352b6]" started-at="2023-10-06T19:04:25 IST" name="setValues" finished-at="2023-10-06T19:04:25 IST" duration-ms="1" status="PASS">
          <reporter-output>
          </reporter-output>
        </test-method> <!-- setValues -->
        <test-method is-config="true" signature="startTestCase()[pri:0, instance:com.pos.testcases.CreateNewVendor@353352b6]" started-at="2023-10-06T19:04:25 IST" name="startTestCase" finished-at="2023-10-06T19:04:25 IST" duration-ms="5" status="PASS">
          <reporter-output>
          </reporter-output>
        </test-method> <!-- startTestCase -->
        <test-method is-config="true" signature="preCondition(java.lang.String)[pri:0, instance:com.pos.testcases.CreateNewVendor@353352b6]" started-at="2023-10-06T19:04:25 IST" name="preCondition" finished-at="2023-10-06T19:04:29 IST" duration-ms="3244" status="PASS">
          <params>
            <param index="0">
              <value>
                <![CDATA[chrome]]>
              </value>
            </param>
          </params>
          <reporter-output>
          </reporter-output>
        </test-method> <!-- preCondition -->
        <test-method signature="runLogin(java.lang.String,java.lang.String,java.lang.String,java.lang.String,java.lang.String,java.lang.String)[pri:0, instance:com.pos.testcases.CreateNewVendor@353352b6]" started-at="2023-10-06T19:04:29 IST" name="runLogin" data-provider="fetchData" finished-at="2023-10-06T19:04:48 IST" duration-ms="19403" status="PASS">
          <params>
            <param index="0">
              <value>
                <![CDATA[8220316109]]>
              </value>
            </param>
            <param index="1">
              <value>
                <![CDATA[Vinoth]]>
              </value>
            </param>
            <param index="2">
              <value>
                <![CDATA[Selenium]]>
              </value>
            </param>
            <param index="3">
              <value>
                <![CDATA[Chennai]]>
              </value>
            </param>
            <param index="4">
              <value>
                <![CDATA[8220316109]]>
              </value>
            </param>
            <param index="5">
              <value>
                <![CDATA[vinod@gmail.com]]>
              </value>
            </param>
          </params>
          <reporter-output>
          </reporter-output>
        </test-method> <!-- runLogin -->
        <test-method is-config="true" signature="postCondition()[pri:0, instance:com.pos.testcases.CreateNewVendor@353352b6]" started-at="2023-10-06T19:04:48 IST" name="postCondition" finished-at="2023-10-06T19:04:48 IST" duration-ms="114" status="PASS">
          <reporter-output>
          </reporter-output>
        </test-method> <!-- postCondition -->
        <test-method is-config="true" signature="endResult()[pri:0, instance:com.pos.testcases.CreateNewVendor@353352b6]" started-at="2023-10-06T19:04:48 IST" name="endResult" finished-at="2023-10-06T19:04:49 IST" duration-ms="570" status="PASS">
          <reporter-output>
          </reporter-output>
        </test-method> <!-- endResult -->
      </class> <!-- com.pos.testcases.CreateNewVendor -->
    </test> <!-- chrome -->
  </suite> <!-- Suite -->
</testng-results>
